command: bali-phy ../unaln_raw.fasta -S hky85+Rates.gamma[5] -n cytb
start time: Tue Jul  4 18:47:39 2023

VERSION: 3.6.1  [grafted, HEAD, tag: 3.6.1 commit 898b7c9]  (Aug 24 2021 18:40:50)
BUILD: Aug 24 2021 22:48:02
ARCH: linux x86_64
COMPILER: gcc 9.3.0 x86_64
directory: /mnt/c/Users/sandr/Sync/01_Workshops/PPG_BCN/ClockDating/raw_data/unaln_seq/baliphy
subdirectory: cytb-2
hostname: sandra
PID: 825

branch numbers = ('ail_mel':0.000000000000000,('urs_thi':7.000000000000000,('urs_ame':4.000000000000000,'urs_arc':5.000000000000000)A9:8.000000000000000)A10:9.000000000000000,('urs_mar':6.000000000000000,('mel_urs':2.000000000000000,('hel_mal':1.000000000000000,'tre_orn':3.000000000000000)A8:12.000000000000000)A13:11.000000000000000)A12:10.000000000000000)A11;

T:topology ~ uniform on tree topologies
T:lengths ~ iid[num_branches[tree],gamma[0.5,div[2,num_branches[tree]]]]

data1 = ../unaln_raw.fasta
alphabet1 = DNA
smodel-index1 = 0
imodel-index1 = 0
scale-index1 = 0

subst model1 = hky85[~log_normal[log[2],0.25],~symmetric_dirichlet_on[letters[@a],1]]+Rates.gamma[5,~log_laplace[6,2]]

indel model1 = rs07[~laplace[-4,0.707],~shifted_exponential[10,1]]

scale model1 ~ gamma[0.5,2]

random seed = 13938349338662270357

Beginning pre-burnin: 3 iterations.
 Start #1   prior = 5.12552   likelihood = -6170.94   |T| = 0.957881   Scale1*|T| = 0.0896148

 Tree (S)ize #1   prior = 3.53778   likelihood = -5817.01   |T| = 1.44269   Scale1*|T| = 0.176337
   Rates.gamma:alpha = 723.7184172836056   hky85:kappa = 2.5639904285435033   hky85:pi[A] = 0.2501909315975849   hky85:pi[C] = 0.09397762908566071   hky85:pi[G] = 0.14716945516041818   hky85:pi[T] = 0.5086619841563365   rs07:log_rate = -3.88898239635354   rs07:mean_length = 1.2101002506378102   scale1 = 0.12222816723772664   scale[1] = 0.12222816723772664

 Tree (S)ize #2   prior = 6.35015   likelihood = -5515.85   |T| = 1.12032   Scale1*|T| = 0.585616
   Rates.gamma:alpha = 723.7184172836056   hky85:kappa = 2.5639904285435033   hky85:pi[A] = 0.2501909315975849   hky85:pi[C] = 0.09397762908566071   hky85:pi[G] = 0.14716945516041818   hky85:pi[T] = 0.5086619841563365   rs07:log_rate = -3.88898239635354   rs07:mean_length = 1.2101002506378102   scale1 = 0.5227211039984655   scale[1] = 0.5227211039984655

 Tree (S)ize #3   prior = 7.93071   likelihood = -5514.71   |T| = 0.99753   Scale1*|T| = 0.502609
   Rates.gamma:alpha = 723.7184172836056   hky85:kappa = 2.5639904285435033   hky85:pi[A] = 0.2501909315975849   hky85:pi[C] = 0.09397762908566071   hky85:pi[G] = 0.14716945516041818   hky85:pi[T] = 0.5086619841563365   rs07:log_rate = -3.88898239635354   rs07:mean_length = 1.2101002506378102   scale1 = 0.5038535511947732   scale[1] = 0.5038535511947732


 (S)+Branch (L)engths #1   prior = 0.427026   likelihood = -5097.45   |T| = 1.38544   Scale1*|T| = 1.00117
   Rates.gamma:alpha = 723.7184172836056   hky85:kappa = 2.5639904285435033   hky85:pi[A] = 0.2501909315975849   hky85:pi[C] = 0.09397762908566071   hky85:pi[G] = 0.14716945516041818   hky85:pi[T] = 0.5086619841563365   rs07:log_rate = -3.88898239635354   rs07:mean_length = 1.2101002506378102   scale1 = 0.7226405383310095   scale[1] = 0.7226405383310095

 (S)+Branch (L)engths #2   prior = 8.28051   likelihood = -4791.93   |T| = 0.497573   Scale1*|T| = 0.549303
   Rates.gamma:alpha = 723.7184172836056   hky85:kappa = 2.5639904285435033   hky85:pi[A] = 0.2501909315975849   hky85:pi[C] = 0.09397762908566071   hky85:pi[G] = 0.14716945516041818   hky85:pi[T] = 0.5086619841563365   rs07:log_rate = -3.88898239635354   rs07:mean_length = 1.2101002506378102   scale1 = 1.1039651937916461   scale[1] = 1.1039651937916461

 (S)+Branch (L)engths #3   prior = 4.38481   likelihood = -4652.34   |T| = 0.818782   Scale1*|T| = 0.509504
   Rates.gamma:alpha = 723.7184172836056   hky85:kappa = 2.5639904285435033   hky85:pi[A] = 0.2501909315975849   hky85:pi[C] = 0.09397762908566071   hky85:pi[G] = 0.14716945516041818   hky85:pi[T] = 0.5086619841563365   rs07:log_rate = -3.88898239635354   rs07:mean_length = 1.2101002506378102   scale1 = 0.6222706026867972   scale[1] = 0.6222706026867972


 (S)+(L)+(P)arameters #1   prior = -29.8782   likelihood = -4034.59   |T| = 0.75269   Scale1*|T| = 1.18229
   Rates.gamma:alpha = 0.35820471226716005   hky85:kappa = 15.754117952708919   hky85:pi[A] = 0.39117742661097143   hky85:pi[C] = 0.1733129175926112   hky85:pi[G] = 0.2107455748198407   hky85:pi[T] = 0.22476408097657669   rs07:log_rate = -4.364280666081342   rs07:mean_length = 12.184245721263595   scale1 = 1.5707586450621016   scale[1] = 1.5707586450621016

 (S)+(L)+(P)arameters #2   prior = -40.9669   likelihood = -3914.58   |T| = 1.05517   Scale1*|T| = 0.916762
   Rates.gamma:alpha = 0.2580728070913052   hky85:kappa = 20.82305448197003   hky85:pi[A] = 0.26427503773799577   hky85:pi[C] = 0.2611888048250706   hky85:pi[G] = 0.18504566209823411   hky85:pi[T] = 0.2894904953386996   rs07:log_rate = -3.135389058923909   rs07:mean_length = 3.0860307928295243   scale1 = 0.8688285383735889   scale[1] = 0.8688285383735889

 (S)+(L)+(P)arameters #3   prior = -32.4399   likelihood = -3891.49   |T| = 0.616388   Scale1*|T| = 1.17442
   Rates.gamma:alpha = 0.17992305249548532   hky85:kappa = 19.560469746601818   hky85:pi[A] = 0.3110949692364147   hky85:pi[C] = 0.3183793639023399   hky85:pi[G] = 0.13286689288018647   hky85:pi[T] = 0.23765877398105897   rs07:log_rate = -2.9140664145461184   rs07:mean_length = 11.081056241092266   scale1 = 1.905322259354517   scale[1] = 1.905322259354517


 (S)+(L)+(P)+NNI #1   prior = -46.8691   likelihood = -3881.96   |T| = 1.45095   Scale1*|T| = 1.12791
   Rates.gamma:alpha = 0.20909205292915514   hky85:kappa = 21.699596328208187   hky85:pi[A] = 0.3200384280470438   hky85:pi[C] = 0.29878391336073495   hky85:pi[G] = 0.1366865932973513   hky85:pi[T] = 0.24449106529486983   rs07:log_rate = -3.4927194770222085   rs07:mean_length = 3.109108052154278   scale1 = 0.7773548042983776   scale[1] = 0.7773548042983776

 (S)+(L)+(P)+NNI #2   prior = -43.9985   likelihood = -3842.4   |T| = 0.380669   Scale1*|T| = 0.99893
   Rates.gamma:alpha = 0.20834443584903958   hky85:kappa = 26.6695399317925   hky85:pi[A] = 0.3200384280470438   hky85:pi[C] = 0.29878391336073495   hky85:pi[G] = 0.1366865932973513   hky85:pi[T] = 0.24449106529486983   rs07:log_rate = -2.9738243732850216   rs07:mean_length = 3.274726259695564   scale1 = 2.6241427954190235   scale[1] = 2.6241427954190235

 (S)+(L)+(P)+NNI #3   prior = -38.8072   likelihood = -3841.11   |T| = 0.6137   Scale1*|T| = 0.955202
   Rates.gamma:alpha = 0.22649429100899623   hky85:kappa = 22.290121173430155   hky85:pi[A] = 0.2798177622915046   hky85:pi[C] = 0.29901260331861845   hky85:pi[G] = 0.1399065721151934   hky85:pi[T] = 0.2812630622746835   rs07:log_rate = -3.6101911337242054   rs07:mean_length = 3.815732930684114   scale1 = 1.5564638804844715   scale[1] = 1.5564638804844715

 (S)+(L)+(P)+NNI #4   prior = -39.93   likelihood = -3844.9   |T| = 0.804586   Scale1*|T| = 0.880711
   Rates.gamma:alpha = 0.22518446883206064   hky85:kappa = 21.572103601672154   hky85:pi[A] = 0.29293685365801236   hky85:pi[C] = 0.2976176809984183   hky85:pi[G] = 0.14646600954090627   hky85:pi[T] = 0.262979455802663   rs07:log_rate = -4.149347399125841   rs07:mean_length = 6.134668035241085   scale1 = 1.094613999318363   scale[1] = 1.094613999318363

 (S)+(L)+(P)+NNI #5   prior = -29.5053   likelihood = -3849.65   |T| = 0.435528   Scale1*|T| = 0.817152
   Rates.gamma:alpha = 0.2404716647897518   hky85:kappa = 19.267318547742363   hky85:pi[A] = 0.2804184731617166   hky85:pi[C] = 0.3198908753899253   hky85:pi[G] = 0.13389785852039995   hky85:pi[T] = 0.26579279292795815   rs07:log_rate = -4.249478785629002   rs07:mean_length = 1.2896842140655187   scale1 = 1.876231938161483   scale[1] = 1.876231938161483


 SPR #1   prior = -27.568   likelihood = -3830.44   |T| = 0.348263   Scale1*|T| = 1.10291
   Rates.gamma:alpha = 0.2404716647897518   hky85:kappa = 19.267318547742363   hky85:pi[A] = 0.2804184731617166   hky85:pi[C] = 0.3198908753899253   hky85:pi[G] = 0.13389785852039995   hky85:pi[T] = 0.26579279292795815   rs07:log_rate = -4.249478785629002   rs07:mean_length = 1.2896842140655187   scale1 = 3.1669038340584716   scale[1] = 3.1669038340584716


 (S)+(L)+(P)+NNI #1   prior = -44.0797   likelihood = -3828.46   |T| = 1.72473   Scale1*|T| = 1.04188
   Rates.gamma:alpha = 0.211943785622905   hky85:kappa = 19.00716528983937   hky85:pi[A] = 0.2804184731617166   hky85:pi[C] = 0.3198908753899253   hky85:pi[G] = 0.13389785852039995   hky85:pi[T] = 0.26579279292795815   rs07:log_rate = -3.940578541498209   rs07:mean_length = 2.3466242346386696   scale1 = 0.604083464638838   scale[1] = 0.604083464638838

 (S)+(L)+(P)+NNI #2   prior = -42.884   likelihood = -3815.72   |T| = 0.394938   Scale1*|T| = 0.998625
   Rates.gamma:alpha = 0.19208913192830648   hky85:kappa = 25.875821052007765   hky85:pi[A] = 0.3043105806260872   hky85:pi[C] = 0.30427508118501334   hky85:pi[G] = 0.12736150014323683   hky85:pi[T] = 0.2640528380456627   rs07:log_rate = -4.851267811120987   rs07:mean_length = 6.599824823458525   scale1 = 2.528561797062527   scale[1] = 2.528561797062527

 (S)+(L)+(P)+NNI #3   prior = -49.1809   likelihood = -3819.44   |T| = 1.26423   Scale1*|T| = 0.950899
   Rates.gamma:alpha = 0.2441435860689563   hky85:kappa = 22.845640195514687   hky85:pi[A] = 0.27779324161170865   hky85:pi[C] = 0.29613070016345694   hky85:pi[G] = 0.15124306570712387   hky85:pi[T] = 0.2748329925177105   rs07:log_rate = -5.007605423908437   rs07:mean_length = 1.614370753907209   scale1 = 0.7521562383072596   scale[1] = 0.7521562383072596


3-branch-lengths:    X0 = 0.4 [45]  X1 = 0.01455 [45]
NNI (2-way) + branches:    X0 = 0 [2]  X1 = ? [0]
NNI (2-way) + branches-0.0325:    X0 = 0 [2]  X1 = ? [0]
NNI (3-way):    X0 = 0.4318 [88]  X1 = 0.002558 [38]
NNI (3-way)-0.0325:    X0 = 0.5205 [73]  X1 = 0.002558 [38]
NNI (3-way)-0.065:    X0 = 0 [13]  X1 = ? [0]
NNI (3-way)-0.125:    X0 = 0 [2]  X1 = ? [0]
SPR (all):    X0 = 1 [16]  X1 = 1 [14]  X2 = ? [0]  X3 = 1 [1]  X4 = 1 [1]  X5 = ? [0]  X6 = ? [0]  X7 = ? [0]
SPR (all)-0.5:    X0 = 1 [16]  X1 = 1 [14]  X2 = ? [0]  X3 = 1 [1]  X4 = 1 [1]  X5 = ? [0]  X6 = ? [0]  X7 = ? [0]
branch-length (log) *:    X0 = 0.6667 [9]  X1 = 0.002228 [9]  X2 = 0.1426 [9]
branch-length (log) 1:    X0 = 0.7143 [7]  X1 = 0.001526 [7]  X2 = 0.1573 [7]
branch-length (log) 2:    X0 = 0.5 [2]  X1 = 0.004684 [2]  X2 = 0.09091 [2]
branch-length (slice) *:    X0 = 0.02414 [172]  X1 = 0.6586 [172]  X2 = 4.32 [172]
branch-length (slice) 1:    X0 = 0.01908 [96]  X1 = 0.8773 [96]  X2 = 4.479 [96]
branch-length (slice) 2:    X0 = 0.01355 [31]  X1 = 0.2743 [31]  X2 = 4.065 [31]
branch-length (slice) 3:    X0 = 0.03868 [24]  X1 = 0.6325 [24]  X2 = 3.917 [24]
branch-length (slice) 4:    X0 = 0.0463 [21]  X1 = 0.2559 [21]  X2 = 4.429 [21]
branch-length *:    X0 = 0.2 [15]  X1 = 0.001539 [15]  X2 = 0.03889 [15]
branch-length 1:    X0 = 0.1 [10]  X1 = 0.0005278 [10]  X2 = 0.04101 [10]
branch-length 2:    X0 = 0 [2]  X1 = 0 [2]  X2 = 0 [2]
branch-length 3:    X0 = 0.6667 [3]  X1 = 0.005937 [3]  X2 = 0.05776 [3]
branch-means-only:    X0 = 0.5714 [21]  X1 = 0.2373 [21]
m_real_11954:    X0 = 0.686 [14]  X1 = 5.571 [14]
m_real_12006:    X0 = 4.075 [14]  X1 = 13.29 [14]
m_real_17345:    X0 = 0.8438 [14]  X1 = 5.786 [14]
m_real_17471:    X0 = 0.1352 [14]  X1 = 5.071 [14]
m_real_17476:    X0 = 0.1912 [35]  X1 = 4.914 [35]
m_real_18397:    X0 = 0.1134 [9]  X1 = 6.444 [9]
m_real_18437:    X0 = 0.03789 [6]  X1 = 4.5 [6]
m_real_18477:    X0 = 0.02896 [10]  X1 = 6.7 [10]
m_real_18525:    X0 = 0.0781 [6]  X1 = 6 [6]
m_real_18930:    X0 = 0.2416 [14]  X1 = 5.357 [14]
scale_Scales_only_slice:    X0 = 0.5005 [28]  X1 = 5.75 [28]
slide_node:    X0 = 0.5 [2]  X1 = 0.003175 [2]
slide_node_expand_branch:    X0 = 0.5 [4]  X1 = 0.0144 [4]
slide_node_slice:    X0 = 0.02088 [38]  X1 = 3.632 [38]

Finished pre-burnin in 1 second.

move sampler: enabled.
  move alignment: enabled.
    move alignment_branch_master: DISABLED.
      move sample_alignments: enabled.
      move sample_tri: enabled.
      move sample_tri_branch: DISABLED.
      move sample_tri_branch_aligned: DISABLED.
    move walk_tree_sample_alignments: enabled.
    move realign_from_tips: enabled.
    move nodes_master: enabled.
      move sample_node: enabled.
      move sample_two_nodes: enabled.
  move tree: enabled.
    move topology: enabled.
      move NNI: DISABLED.
        move three_way_NNI: enabled.
        move two_way_NNI: DISABLED.
        move three_way_NNI_and_A: DISABLED.
      move SPR: enabled.
        move SPR_and_A_all: enabled.
        move SPR_and_A_flat: enabled.
        move SPR_and_A_nodes: enabled.
    move lengths: enabled.
      move lengths1: DISABLED.
        move change_branch_length: enabled.
        move change_branch_length_multi: enabled.
        move change_branch_length_and_T: enabled.
      move walk_tree_sample_branch_lengths: enabled.
    move walk_tree_NNI_and_lengths: enabled.
    move walk_tree_NNI: enabled.
    move walk_tree_NNI_and_A: enabled.
  move parameters: enabled.
    move m_real_cauchy_18930: enabled.
    move m_real_cauchy_18525: enabled.
    move m_real_cauchy_18477: enabled.
    move m_real_cauchy_18437: enabled.
    move m_real_cauchy_18397: enabled.
    move m_real_cauchy_17471: enabled.
    move m_real_cauchy_17431: enabled.
    move m_real_cauchy_17345: enabled.
    move m_real_cauchy_16330: enabled.
    move m_real_cauchy_12642: enabled.
    move m_real_cauchy_12006: enabled.
    move m_real_cauchy_11954: enabled.
    move m_real_cauchy_11825: enabled.
    move m_real_cauchy_11601: enabled.
    move m_real_cauchy_11392: enabled.
    move m_real_cauchy_10477: enabled.
    move m_real_cauchy_10291: enabled.
    move m_real_cauchy_8672: enabled.
    move m_real_cauchy_8370: enabled.
    move m_real_cauchy_8242: enabled.
    move m_real_cauchy_8129: enabled.
    move m_real_cauchy_7966: enabled.
  move parameters:MH: enabled.
    move scale_scale_1: enabled.
    move scale_Scales_only: enabled.
  move parameters:slice: enabled.
    move m_real_17476: enabled.
    move scale_Scales_only_slice: enabled.
    move m_real_18930: enabled.
    move m_real_18525: enabled.
    move m_real_18477: enabled.
    move m_real_18437: enabled.
    move m_real_18397: enabled.
    move m_real_17471: enabled.
    move m_real_17431: enabled.
    move m_real_17345: enabled.
    move m_real_16330: enabled.
    move m_real_12642: enabled.
    move m_real_12006: enabled.
    move m_real_11954: enabled.
    move m_real_11825: enabled.
    move m_real_11601: enabled.
    move m_real_11392: enabled.
    move m_real_10477: enabled.
    move m_real_10291: enabled.
    move m_real_8672: enabled.
    move m_real_8370: enabled.
    move m_real_8242: enabled.
    move m_real_8129: enabled.
    move m_real_7966: enabled.

Partition 1: using 0 constraints.
iterations = 0
iterations = 1
iterations = 2
iterations = 3
iterations = 4
iterations = 5
iterations = 6
iterations = 7
iterations = 8
iterations = 9
iterations = 10
iterations = 11
iterations = 12
iterations = 13
iterations = 14
iterations = 15
iterations = 16
iterations = 17
iterations = 18
iterations = 19
iterations = 20
iterations = 21
iterations = 22
iterations = 23
iterations = 24
iterations = 25
iterations = 26
iterations = 27
iterations = 28
iterations = 29
iterations = 30
iterations = 31
iterations = 32
iterations = 33
iterations = 34
iterations = 35
iterations = 36
iterations = 37
iterations = 38
iterations = 39
iterations = 40
iterations = 41
iterations = 42
iterations = 43
iterations = 44
iterations = 45
iterations = 46
iterations = 47
iterations = 48
iterations = 49
iterations = 50
iterations = 51
iterations = 52
iterations = 53
iterations = 54
iterations = 55
iterations = 56
iterations = 57
iterations = 58
iterations = 59
iterations = 60
iterations = 61
iterations = 62
iterations = 63
iterations = 64
iterations = 65
iterations = 66
iterations = 67
iterations = 68
iterations = 69
iterations = 70
iterations = 71
iterations = 72
iterations = 73
iterations = 74
iterations = 75
iterations = 76
iterations = 77
iterations = 78
iterations = 79
iterations = 80
iterations = 81
iterations = 82
iterations = 83
iterations = 84
iterations = 85
iterations = 86
iterations = 87
iterations = 88
iterations = 89
iterations = 90
iterations = 91
iterations = 92
iterations = 93
iterations = 94
iterations = 95
iterations = 96
iterations = 97
iterations = 98
iterations = 99
iterations = 100
iterations = 101
iterations = 102
iterations = 103
iterations = 104
iterations = 105
iterations = 106
iterations = 107
iterations = 108
iterations = 109
iterations = 110
iterations = 111
iterations = 112
iterations = 113
iterations = 114
iterations = 115
iterations = 116
iterations = 117
iterations = 118
iterations = 119
iterations = 120
iterations = 121
iterations = 122
iterations = 123
iterations = 124
iterations = 125
iterations = 126
iterations = 127
iterations = 128
iterations = 129
iterations = 130
iterations = 131
iterations = 132
iterations = 133
iterations = 134
iterations = 135
iterations = 136
iterations = 137
iterations = 138
iterations = 139
iterations = 140
iterations = 141
iterations = 142
iterations = 143
iterations = 144
iterations = 145
iterations = 146
iterations = 147
iterations = 148
iterations = 149
iterations = 150
iterations = 151
iterations = 152
iterations = 153
iterations = 154
iterations = 155
iterations = 156
iterations = 157
iterations = 158
iterations = 159
iterations = 160
iterations = 161
iterations = 162
iterations = 163
iterations = 164
iterations = 165
iterations = 166
iterations = 167
iterations = 168
iterations = 169
iterations = 170
iterations = 171
iterations = 172
iterations = 173
iterations = 174
iterations = 175
iterations = 176
iterations = 177
iterations = 178
iterations = 179
iterations = 180
iterations = 181
iterations = 182
iterations = 183
iterations = 184
iterations = 185
iterations = 186
iterations = 187
iterations = 188
iterations = 189
iterations = 190
iterations = 191
iterations = 192
iterations = 193
iterations = 194
iterations = 195
iterations = 196
iterations = 197
iterations = 198
iterations = 199
iterations = 200
iterations = 201
iterations = 202
iterations = 203
iterations = 204
iterations = 205
iterations = 206
iterations = 207
iterations = 208
iterations = 209
iterations = 210
iterations = 211
iterations = 212
iterations = 213
iterations = 214
iterations = 215
iterations = 216
iterations = 217
iterations = 218
iterations = 219
iterations = 220
iterations = 221
iterations = 222
iterations = 223
iterations = 224
iterations = 225
iterations = 226
iterations = 227
iterations = 228
iterations = 229
iterations = 230
iterations = 231
iterations = 232
iterations = 233
iterations = 234
iterations = 235
iterations = 236
iterations = 237
iterations = 238
iterations = 239
iterations = 240
iterations = 241
iterations = 242
iterations = 243
iterations = 244
iterations = 245
iterations = 246
iterations = 247
iterations = 248
iterations = 249
iterations = 250
iterations = 251
iterations = 252
iterations = 253
iterations = 254
iterations = 255
iterations = 256
iterations = 257
iterations = 258
iterations = 259
iterations = 260
iterations = 261
iterations = 262
iterations = 263
iterations = 264
iterations = 265
iterations = 266
iterations = 267
iterations = 268
iterations = 269
iterations = 270
iterations = 271
iterations = 272
iterations = 273
iterations = 274
iterations = 275
iterations = 276
iterations = 277
iterations = 278
iterations = 279
iterations = 280
iterations = 281
iterations = 282
iterations = 283
iterations = 284
iterations = 285
iterations = 286
iterations = 287
iterations = 288
iterations = 289
iterations = 290
iterations = 291
iterations = 292
iterations = 293
iterations = 294
iterations = 295
iterations = 296
iterations = 297
iterations = 298
iterations = 299
iterations = 300
iterations = 301
iterations = 302
iterations = 303
iterations = 304
iterations = 305
iterations = 306
iterations = 307
iterations = 308
iterations = 309
iterations = 310
iterations = 311
iterations = 312
iterations = 313
iterations = 314
iterations = 315
iterations = 316
iterations = 317
iterations = 318
iterations = 319
iterations = 320
iterations = 321
iterations = 322
iterations = 323
iterations = 324
iterations = 325
iterations = 326
iterations = 327
iterations = 328
iterations = 329
iterations = 330
iterations = 331
iterations = 332
iterations = 333
iterations = 334
iterations = 335
iterations = 336
iterations = 337
iterations = 338
iterations = 339
iterations = 340
iterations = 341
iterations = 342
iterations = 343
iterations = 344
iterations = 345
iterations = 346
iterations = 347
iterations = 348
iterations = 349
iterations = 350
iterations = 351
iterations = 352
iterations = 353
iterations = 354
iterations = 355
iterations = 356
iterations = 357
iterations = 358
iterations = 359
iterations = 360
iterations = 361
iterations = 362
iterations = 363
iterations = 364
iterations = 365
iterations = 366
iterations = 367
iterations = 368
iterations = 369
iterations = 370
iterations = 371
iterations = 372
iterations = 373
iterations = 374
iterations = 375
iterations = 376
iterations = 377
iterations = 378
iterations = 379
iterations = 380
iterations = 381
iterations = 382
iterations = 383
iterations = 384
iterations = 385
iterations = 386
iterations = 387
iterations = 388
iterations = 389
iterations = 390
iterations = 391
iterations = 392
iterations = 393
iterations = 394
iterations = 395
iterations = 396
iterations = 397
iterations = 398
iterations = 399
iterations = 400
iterations = 401
iterations = 402
iterations = 403
iterations = 404
iterations = 405
iterations = 406
iterations = 407
iterations = 408
iterations = 409
iterations = 410
iterations = 411
iterations = 412
iterations = 413
iterations = 414
iterations = 415
iterations = 416
iterations = 417
iterations = 418
iterations = 419
iterations = 420
iterations = 421
iterations = 422
iterations = 423
iterations = 424
iterations = 425
iterations = 426
iterations = 427
iterations = 428
iterations = 429
iterations = 430
iterations = 431
iterations = 432
iterations = 433
iterations = 434
iterations = 435
iterations = 436
iterations = 437
iterations = 438
iterations = 439
iterations = 440
iterations = 441
iterations = 442
iterations = 443
iterations = 444
iterations = 445
iterations = 446
iterations = 447
iterations = 448
iterations = 449
iterations = 450
iterations = 451
iterations = 452
iterations = 453
iterations = 454
iterations = 455
iterations = 456
iterations = 457
iterations = 458
iterations = 459
iterations = 460
iterations = 461
iterations = 462
iterations = 463
iterations = 464
iterations = 465
iterations = 466
iterations = 467
iterations = 468
iterations = 469
iterations = 470
iterations = 471
iterations = 472
iterations = 473
iterations = 474
iterations = 475
iterations = 476
iterations = 477
iterations = 478
iterations = 479
iterations = 480
iterations = 481
iterations = 482
iterations = 483
iterations = 484
iterations = 485
iterations = 486
iterations = 487
iterations = 488
iterations = 489
iterations = 490
iterations = 491
iterations = 492
iterations = 493
iterations = 494
iterations = 495
iterations = 496
iterations = 497
iterations = 498
iterations = 499
iterations = 500
iterations = 501
iterations = 502
iterations = 503
iterations = 504
iterations = 505
iterations = 506
iterations = 507
iterations = 508
iterations = 509
iterations = 510
iterations = 511
iterations = 512
iterations = 513
iterations = 514
iterations = 515
iterations = 516
iterations = 517
iterations = 518
iterations = 519
iterations = 520
iterations = 521
iterations = 522
iterations = 523
iterations = 524
iterations = 525
iterations = 526
iterations = 527
iterations = 528
iterations = 529
iterations = 530
iterations = 531
iterations = 532
iterations = 533
iterations = 534
iterations = 535
iterations = 536
iterations = 537
iterations = 538
iterations = 539
iterations = 540
iterations = 541
iterations = 542
iterations = 543
iterations = 544
iterations = 545
iterations = 546
iterations = 547
iterations = 548
iterations = 549
iterations = 550
iterations = 551
iterations = 552
iterations = 553
iterations = 554
iterations = 555
iterations = 556
iterations = 557
iterations = 558
iterations = 559
iterations = 560
iterations = 561
iterations = 562
iterations = 563
iterations = 564
iterations = 565
iterations = 566
iterations = 567
iterations = 568
iterations = 569
iterations = 570
iterations = 571
iterations = 572
iterations = 573
iterations = 574
iterations = 575
iterations = 576
iterations = 577
iterations = 578
iterations = 579
iterations = 580
iterations = 581
iterations = 582
iterations = 583
iterations = 584
iterations = 585
iterations = 586
iterations = 587
iterations = 588
iterations = 589
iterations = 590
iterations = 591
iterations = 592
iterations = 593
iterations = 594
iterations = 595
iterations = 596
iterations = 597
iterations = 598
iterations = 599
iterations = 600
iterations = 601
iterations = 602
iterations = 603
iterations = 604
iterations = 605
iterations = 606
iterations = 607
iterations = 608
iterations = 609
iterations = 610
iterations = 611
iterations = 612
iterations = 613
iterations = 614
iterations = 615
iterations = 616
iterations = 617
iterations = 618
iterations = 619
iterations = 620
iterations = 621
iterations = 622
iterations = 623
iterations = 624
iterations = 625
iterations = 626
iterations = 627
iterations = 628
iterations = 629
iterations = 630
iterations = 631
iterations = 632
iterations = 633
iterations = 634
iterations = 635
iterations = 636
iterations = 637
iterations = 638
iterations = 639
iterations = 640
iterations = 641
iterations = 642
iterations = 643
iterations = 644
iterations = 645
iterations = 646
iterations = 647
iterations = 648
iterations = 649
iterations = 650
iterations = 651
iterations = 652
iterations = 653
iterations = 654
iterations = 655
iterations = 656
iterations = 657
iterations = 658
iterations = 659
iterations = 660
iterations = 661
iterations = 662
iterations = 663
iterations = 664
iterations = 665
iterations = 666
iterations = 667
iterations = 668
iterations = 669
iterations = 670
iterations = 671
iterations = 672
iterations = 673
iterations = 674
iterations = 675
iterations = 676
iterations = 677
iterations = 678
iterations = 679
iterations = 680
iterations = 681
iterations = 682
iterations = 683
iterations = 684
iterations = 685
iterations = 686
iterations = 687
iterations = 688
iterations = 689
iterations = 690
iterations = 691
iterations = 692
iterations = 693
iterations = 694
iterations = 695
iterations = 696
iterations = 697
iterations = 698
iterations = 699
iterations = 700
iterations = 701
iterations = 702
iterations = 703
iterations = 704
iterations = 705
iterations = 706
iterations = 707
iterations = 708
iterations = 709
iterations = 710
iterations = 711
iterations = 712
iterations = 713
iterations = 714
iterations = 715
iterations = 716
iterations = 717
iterations = 718
iterations = 719
iterations = 720
iterations = 721
iterations = 722
iterations = 723
iterations = 724
iterations = 725
iterations = 726
iterations = 727
iterations = 728
iterations = 729
iterations = 730
iterations = 731
iterations = 732
iterations = 733
iterations = 734
iterations = 735
iterations = 736
iterations = 737
iterations = 738
iterations = 739
iterations = 740
iterations = 741
iterations = 742
iterations = 743
iterations = 744
iterations = 745
iterations = 746
iterations = 747
iterations = 748
iterations = 749
iterations = 750
iterations = 751
iterations = 752
iterations = 753
iterations = 754
iterations = 755
iterations = 756
iterations = 757
iterations = 758
iterations = 759
iterations = 760
iterations = 761
iterations = 762
iterations = 763
iterations = 764
iterations = 765
iterations = 766
iterations = 767
iterations = 768
iterations = 769
iterations = 770
iterations = 771
iterations = 772
iterations = 773
iterations = 774
iterations = 775
iterations = 776
iterations = 777
iterations = 778
iterations = 779
iterations = 780
iterations = 781
iterations = 782
iterations = 783
iterations = 784
iterations = 785
iterations = 786
iterations = 787
iterations = 788
iterations = 789
iterations = 790
iterations = 791
iterations = 792
iterations = 793
iterations = 794
iterations = 795
iterations = 796
iterations = 797
iterations = 798
iterations = 799
iterations = 800
iterations = 801
iterations = 802
iterations = 803
iterations = 804
iterations = 805
iterations = 806
iterations = 807
iterations = 808
iterations = 809
iterations = 810
iterations = 811
iterations = 812
iterations = 813
iterations = 814
iterations = 815
iterations = 816
iterations = 817
iterations = 818
iterations = 819
iterations = 820
iterations = 821
iterations = 822
iterations = 823
iterations = 824
iterations = 825
iterations = 826
iterations = 827
iterations = 828
iterations = 829
iterations = 830
iterations = 831
iterations = 832
iterations = 833
iterations = 834
iterations = 835
iterations = 836
iterations = 837
iterations = 838
iterations = 839
iterations = 840
iterations = 841
iterations = 842
iterations = 843
iterations = 844
iterations = 845
iterations = 846
iterations = 847
iterations = 848
iterations = 849
iterations = 850
iterations = 851
iterations = 852
iterations = 853
iterations = 854
iterations = 855
iterations = 856
iterations = 857
iterations = 858
iterations = 859
iterations = 860
iterations = 861
iterations = 862
iterations = 863
iterations = 864
iterations = 865
iterations = 866
iterations = 867
iterations = 868
iterations = 869
iterations = 870
iterations = 871
iterations = 872
iterations = 873
iterations = 874
iterations = 875
iterations = 876
iterations = 877
iterations = 878
iterations = 879
iterations = 880
iterations = 881
iterations = 882
iterations = 883
iterations = 884
iterations = 885
iterations = 886
iterations = 887
iterations = 888
iterations = 889
iterations = 890
iterations = 891
iterations = 892
iterations = 893
iterations = 894
iterations = 895
iterations = 896
iterations = 897
iterations = 898
iterations = 899
iterations = 900
iterations = 901
iterations = 902
iterations = 903
iterations = 904
iterations = 905
iterations = 906
iterations = 907
iterations = 908
iterations = 909
iterations = 910
iterations = 911
iterations = 912
iterations = 913
iterations = 914
iterations = 915
iterations = 916
iterations = 917
iterations = 918
iterations = 919
iterations = 920
iterations = 921
iterations = 922
iterations = 923
iterations = 924
iterations = 925
iterations = 926
iterations = 927
iterations = 928
iterations = 929
iterations = 930
iterations = 931
iterations = 932
iterations = 933
iterations = 934
iterations = 935
iterations = 936
iterations = 937
iterations = 938
iterations = 939
iterations = 940
iterations = 941
iterations = 942
iterations = 943
iterations = 944
iterations = 945
iterations = 946
iterations = 947
iterations = 948
iterations = 949
iterations = 950
iterations = 951
iterations = 952
iterations = 953
iterations = 954
iterations = 955
iterations = 956
iterations = 957
iterations = 958
iterations = 959
iterations = 960
iterations = 961
iterations = 962
iterations = 963
iterations = 964
iterations = 965
iterations = 966
iterations = 967
iterations = 968
iterations = 969
iterations = 970
iterations = 971
iterations = 972
iterations = 973
iterations = 974
iterations = 975
iterations = 976
iterations = 977
iterations = 978
iterations = 979
iterations = 980
iterations = 981
iterations = 982
iterations = 983
iterations = 984
iterations = 985
iterations = 986
iterations = 987
iterations = 988
iterations = 989
iterations = 990
iterations = 991
iterations = 992
iterations = 993
iterations = 994
iterations = 995
iterations = 996
iterations = 997
iterations = 998
iterations = 999
iterations = 1000
iterations = 1001
iterations = 1002
iterations = 1003
iterations = 1004
iterations = 1005
iterations = 1006
iterations = 1007
iterations = 1008
iterations = 1009
iterations = 1010
iterations = 1011
iterations = 1012
iterations = 1013
iterations = 1014
iterations = 1015
iterations = 1016
iterations = 1017
iterations = 1018
iterations = 1019
iterations = 1020
iterations = 1021
iterations = 1022
iterations = 1023
iterations = 1024
iterations = 1025
iterations = 1026
iterations = 1027
iterations = 1028
iterations = 1029
iterations = 1030
iterations = 1031
iterations = 1032
iterations = 1033
iterations = 1034
iterations = 1035
iterations = 1036
iterations = 1037
iterations = 1038
iterations = 1039
iterations = 1040
iterations = 1041
iterations = 1042
iterations = 1043
iterations = 1044
iterations = 1045
iterations = 1046
iterations = 1047
iterations = 1048
iterations = 1049
iterations = 1050
iterations = 1051
iterations = 1052
iterations = 1053
iterations = 1054
iterations = 1055
iterations = 1056
iterations = 1057
iterations = 1058
iterations = 1059
iterations = 1060
iterations = 1061
iterations = 1062
iterations = 1063
iterations = 1064
iterations = 1065
iterations = 1066
iterations = 1067
iterations = 1068
iterations = 1069
iterations = 1070
iterations = 1071
iterations = 1072
iterations = 1073
iterations = 1074
iterations = 1075
iterations = 1076
iterations = 1077
iterations = 1078
iterations = 1079
iterations = 1080
iterations = 1081
iterations = 1082
iterations = 1083
iterations = 1084
iterations = 1085
iterations = 1086
iterations = 1087
iterations = 1088
iterations = 1089
iterations = 1090
iterations = 1091
iterations = 1092
iterations = 1093
iterations = 1094
iterations = 1095
iterations = 1096
iterations = 1097
iterations = 1098
iterations = 1099
iterations = 1100
iterations = 1101
iterations = 1102
iterations = 1103
iterations = 1104
iterations = 1105
iterations = 1106
iterations = 1107
iterations = 1108
iterations = 1109
iterations = 1110
iterations = 1111
iterations = 1112
iterations = 1113
iterations = 1114
iterations = 1115
iterations = 1116
iterations = 1117
iterations = 1118
iterations = 1119
iterations = 1120
iterations = 1121
iterations = 1122
iterations = 1123
iterations = 1124
iterations = 1125
iterations = 1126
iterations = 1127
iterations = 1128
iterations = 1129
iterations = 1130
iterations = 1131
iterations = 1132
iterations = 1133
iterations = 1134
iterations = 1135
iterations = 1136
iterations = 1137
iterations = 1138
iterations = 1139
iterations = 1140
iterations = 1141
iterations = 1142
iterations = 1143
iterations = 1144
iterations = 1145
iterations = 1146
iterations = 1147
iterations = 1148
iterations = 1149
iterations = 1150
iterations = 1151
iterations = 1152
iterations = 1153
iterations = 1154
iterations = 1155
iterations = 1156
iterations = 1157
iterations = 1158
iterations = 1159
iterations = 1160
iterations = 1161
iterations = 1162
iterations = 1163
iterations = 1164
iterations = 1165
iterations = 1166
iterations = 1167
iterations = 1168
iterations = 1169
iterations = 1170
iterations = 1171
iterations = 1172
iterations = 1173
iterations = 1174
iterations = 1175
iterations = 1176
iterations = 1177
iterations = 1178
iterations = 1179
iterations = 1180
iterations = 1181
iterations = 1182
iterations = 1183
iterations = 1184
iterations = 1185
iterations = 1186
iterations = 1187
iterations = 1188
iterations = 1189
iterations = 1190
iterations = 1191
iterations = 1192
iterations = 1193
iterations = 1194
iterations = 1195
iterations = 1196
iterations = 1197
iterations = 1198
iterations = 1199
iterations = 1200
iterations = 1201
iterations = 1202
iterations = 1203
iterations = 1204
iterations = 1205
iterations = 1206
iterations = 1207
iterations = 1208
iterations = 1209
iterations = 1210
iterations = 1211
iterations = 1212
iterations = 1213
iterations = 1214
iterations = 1215
iterations = 1216
iterations = 1217
iterations = 1218
iterations = 1219
iterations = 1220
iterations = 1221
iterations = 1222
iterations = 1223
iterations = 1224
iterations = 1225
iterations = 1226
iterations = 1227
iterations = 1228
iterations = 1229
iterations = 1230
iterations = 1231
iterations = 1232
iterations = 1233
iterations = 1234
iterations = 1235
iterations = 1236
iterations = 1237
iterations = 1238
iterations = 1239
iterations = 1240
iterations = 1241
iterations = 1242
iterations = 1243
iterations = 1244
iterations = 1245
iterations = 1246
iterations = 1247
iterations = 1248
iterations = 1249
iterations = 1250
iterations = 1251
iterations = 1252
iterations = 1253
iterations = 1254
iterations = 1255
iterations = 1256
iterations = 1257
iterations = 1258
iterations = 1259
iterations = 1260
iterations = 1261
iterations = 1262
iterations = 1263
iterations = 1264
iterations = 1265
iterations = 1266
iterations = 1267
iterations = 1268
iterations = 1269
iterations = 1270
iterations = 1271
iterations = 1272
iterations = 1273
iterations = 1274
iterations = 1275
iterations = 1276
iterations = 1277
iterations = 1278
iterations = 1279
iterations = 1280
iterations = 1281
iterations = 1282
iterations = 1283
iterations = 1284
iterations = 1285
iterations = 1286
iterations = 1287
iterations = 1288
iterations = 1289
iterations = 1290
iterations = 1291
iterations = 1292
iterations = 1293
iterations = 1294
iterations = 1295
iterations = 1296
iterations = 1297
iterations = 1298
iterations = 1299
iterations = 1300
iterations = 1301
iterations = 1302
iterations = 1303
iterations = 1304
iterations = 1305
iterations = 1306
iterations = 1307
iterations = 1308
iterations = 1309
iterations = 1310
iterations = 1311
iterations = 1312
iterations = 1313
iterations = 1314
iterations = 1315
iterations = 1316
iterations = 1317
iterations = 1318
iterations = 1319
iterations = 1320
iterations = 1321
iterations = 1322
iterations = 1323
iterations = 1324
iterations = 1325
iterations = 1326
iterations = 1327
iterations = 1328
iterations = 1329
iterations = 1330
iterations = 1331
iterations = 1332
iterations = 1333
iterations = 1334
iterations = 1335
iterations = 1336
iterations = 1337
iterations = 1338
iterations = 1339
iterations = 1340
iterations = 1341
iterations = 1342
iterations = 1343
iterations = 1344
iterations = 1345
iterations = 1346
iterations = 1347
iterations = 1348
iterations = 1349
iterations = 1350
iterations = 1351
iterations = 1352
iterations = 1353
iterations = 1354
iterations = 1355
iterations = 1356
iterations = 1357
iterations = 1358
iterations = 1359
iterations = 1360
iterations = 1361
iterations = 1362
iterations = 1363
iterations = 1364
iterations = 1365
iterations = 1366
iterations = 1367
iterations = 1368
iterations = 1369
iterations = 1370
iterations = 1371
iterations = 1372
iterations = 1373
iterations = 1374
iterations = 1375
iterations = 1376
iterations = 1377
iterations = 1378
iterations = 1379
iterations = 1380
iterations = 1381
iterations = 1382
iterations = 1383
iterations = 1384
iterations = 1385
iterations = 1386
iterations = 1387
iterations = 1388
iterations = 1389
iterations = 1390
iterations = 1391
iterations = 1392
iterations = 1393
iterations = 1394
iterations = 1395
iterations = 1396
iterations = 1397
iterations = 1398
iterations = 1399
iterations = 1400
iterations = 1401
iterations = 1402
iterations = 1403
iterations = 1404
iterations = 1405
iterations = 1406
iterations = 1407
iterations = 1408
iterations = 1409
iterations = 1410
iterations = 1411
iterations = 1412
iterations = 1413
iterations = 1414
iterations = 1415
iterations = 1416
iterations = 1417
iterations = 1418
iterations = 1419
iterations = 1420
iterations = 1421
iterations = 1422
iterations = 1423
iterations = 1424
iterations = 1425
iterations = 1426
iterations = 1427
iterations = 1428
iterations = 1429
iterations = 1430
iterations = 1431
iterations = 1432
iterations = 1433
iterations = 1434
iterations = 1435
iterations = 1436
iterations = 1437
iterations = 1438
iterations = 1439
iterations = 1440
iterations = 1441
iterations = 1442
iterations = 1443
iterations = 1444
iterations = 1445
iterations = 1446
iterations = 1447
iterations = 1448
iterations = 1449
iterations = 1450
iterations = 1451
iterations = 1452
iterations = 1453
iterations = 1454
iterations = 1455
iterations = 1456
iterations = 1457
iterations = 1458
iterations = 1459
iterations = 1460
iterations = 1461
iterations = 1462
iterations = 1463
iterations = 1464
iterations = 1465
iterations = 1466
iterations = 1467
iterations = 1468
iterations = 1469
iterations = 1470
iterations = 1471
iterations = 1472
iterations = 1473
iterations = 1474
iterations = 1475
iterations = 1476
iterations = 1477
iterations = 1478
iterations = 1479
iterations = 1480
iterations = 1481
iterations = 1482
iterations = 1483
iterations = 1484
iterations = 1485
iterations = 1486
iterations = 1487
iterations = 1488
iterations = 1489
iterations = 1490
iterations = 1491
iterations = 1492
iterations = 1493
iterations = 1494
iterations = 1495
iterations = 1496
iterations = 1497
iterations = 1498
iterations = 1499
iterations = 1500
iterations = 1501
iterations = 1502
iterations = 1503
iterations = 1504
iterations = 1505
iterations = 1506
iterations = 1507
iterations = 1508
iterations = 1509
iterations = 1510
iterations = 1511
iterations = 1512
iterations = 1513
iterations = 1514
iterations = 1515
iterations = 1516
iterations = 1517
iterations = 1518
iterations = 1519
iterations = 1520
iterations = 1521
iterations = 1522
iterations = 1523
iterations = 1524
iterations = 1525
iterations = 1526
iterations = 1527
iterations = 1528
iterations = 1529
iterations = 1530
iterations = 1531
iterations = 1532
iterations = 1533
iterations = 1534
iterations = 1535
iterations = 1536
iterations = 1537
iterations = 1538
iterations = 1539
iterations = 1540
iterations = 1541
iterations = 1542
iterations = 1543
iterations = 1544
iterations = 1545
iterations = 1546
iterations = 1547
iterations = 1548
iterations = 1549
iterations = 1550
iterations = 1551
iterations = 1552
iterations = 1553
iterations = 1554
iterations = 1555
iterations = 1556
iterations = 1557
iterations = 1558
iterations = 1559
iterations = 1560
iterations = 1561
iterations = 1562
iterations = 1563
iterations = 1564
iterations = 1565
iterations = 1566
iterations = 1567
iterations = 1568
iterations = 1569
iterations = 1570
iterations = 1571
iterations = 1572
iterations = 1573
iterations = 1574
iterations = 1575
iterations = 1576
iterations = 1577
iterations = 1578
iterations = 1579
iterations = 1580
iterations = 1581
iterations = 1582
iterations = 1583
iterations = 1584
iterations = 1585
iterations = 1586
iterations = 1587
iterations = 1588
iterations = 1589
iterations = 1590
iterations = 1591
iterations = 1592
iterations = 1593
iterations = 1594
iterations = 1595
iterations = 1596
iterations = 1597
iterations = 1598
iterations = 1599
iterations = 1600
iterations = 1601
iterations = 1602
iterations = 1603
iterations = 1604
iterations = 1605
iterations = 1606
iterations = 1607
iterations = 1608
iterations = 1609
iterations = 1610
iterations = 1611
iterations = 1612
iterations = 1613
iterations = 1614
iterations = 1615
iterations = 1616
iterations = 1617
iterations = 1618
iterations = 1619
iterations = 1620
iterations = 1621
iterations = 1622
iterations = 1623
iterations = 1624
iterations = 1625
iterations = 1626
iterations = 1627
iterations = 1628
iterations = 1629
iterations = 1630
iterations = 1631
iterations = 1632
iterations = 1633
iterations = 1634
iterations = 1635
iterations = 1636
iterations = 1637
iterations = 1638
iterations = 1639
iterations = 1640
iterations = 1641
iterations = 1642
iterations = 1643
iterations = 1644
iterations = 1645
iterations = 1646
iterations = 1647
iterations = 1648
iterations = 1649
iterations = 1650
iterations = 1651
iterations = 1652
iterations = 1653
iterations = 1654
iterations = 1655
iterations = 1656
iterations = 1657
iterations = 1658
iterations = 1659
iterations = 1660
iterations = 1661
iterations = 1662
iterations = 1663
iterations = 1664
iterations = 1665
iterations = 1666
iterations = 1667
iterations = 1668
iterations = 1669
iterations = 1670
iterations = 1671
iterations = 1672
iterations = 1673
iterations = 1674
iterations = 1675
iterations = 1676
iterations = 1677
iterations = 1678
iterations = 1679
iterations = 1680
iterations = 1681
iterations = 1682
iterations = 1683
iterations = 1684
iterations = 1685
iterations = 1686
iterations = 1687
iterations = 1688
iterations = 1689
iterations = 1690
iterations = 1691
iterations = 1692
iterations = 1693
iterations = 1694
iterations = 1695
iterations = 1696
iterations = 1697
iterations = 1698
iterations = 1699
iterations = 1700
iterations = 1701
iterations = 1702
iterations = 1703
iterations = 1704
iterations = 1705
iterations = 1706
iterations = 1707
iterations = 1708
iterations = 1709
iterations = 1710
iterations = 1711
iterations = 1712
iterations = 1713
iterations = 1714
iterations = 1715
iterations = 1716
iterations = 1717
iterations = 1718
iterations = 1719
iterations = 1720
iterations = 1721
iterations = 1722
iterations = 1723
iterations = 1724
iterations = 1725
iterations = 1726
iterations = 1727
iterations = 1728
iterations = 1729
iterations = 1730
iterations = 1731
iterations = 1732
iterations = 1733
iterations = 1734
iterations = 1735
iterations = 1736
iterations = 1737
iterations = 1738
iterations = 1739
iterations = 1740
iterations = 1741
iterations = 1742
iterations = 1743
iterations = 1744
iterations = 1745
iterations = 1746
iterations = 1747
iterations = 1748
iterations = 1749
iterations = 1750
iterations = 1751
iterations = 1752
iterations = 1753
iterations = 1754
iterations = 1755
iterations = 1756
iterations = 1757
iterations = 1758
iterations = 1759
iterations = 1760
iterations = 1761
iterations = 1762
iterations = 1763
iterations = 1764
iterations = 1765
iterations = 1766
iterations = 1767
iterations = 1768
iterations = 1769
iterations = 1770
iterations = 1771
iterations = 1772
iterations = 1773
iterations = 1774
iterations = 1775
iterations = 1776
iterations = 1777
iterations = 1778
iterations = 1779
iterations = 1780
iterations = 1781
iterations = 1782
iterations = 1783
iterations = 1784
iterations = 1785
iterations = 1786
iterations = 1787
iterations = 1788
iterations = 1789
iterations = 1790
iterations = 1791
iterations = 1792
iterations = 1793
iterations = 1794
iterations = 1795
iterations = 1796
iterations = 1797
iterations = 1798
iterations = 1799
iterations = 1800
iterations = 1801
iterations = 1802
iterations = 1803
iterations = 1804
iterations = 1805
iterations = 1806
iterations = 1807
iterations = 1808
iterations = 1809
iterations = 1810
iterations = 1811
iterations = 1812
iterations = 1813
iterations = 1814
iterations = 1815
iterations = 1816
iterations = 1817
iterations = 1818
iterations = 1819
iterations = 1820
iterations = 1821
iterations = 1822
iterations = 1823
iterations = 1824
iterations = 1825
iterations = 1826
iterations = 1827
iterations = 1828
iterations = 1829
iterations = 1830
iterations = 1831
iterations = 1832
iterations = 1833
iterations = 1834
iterations = 1835
iterations = 1836
iterations = 1837
iterations = 1838
iterations = 1839
iterations = 1840
iterations = 1841
iterations = 1842
iterations = 1843
iterations = 1844
iterations = 1845
iterations = 1846
iterations = 1847
iterations = 1848
iterations = 1849
iterations = 1850
iterations = 1851
iterations = 1852
iterations = 1853
iterations = 1854
iterations = 1855
iterations = 1856
iterations = 1857
iterations = 1858
iterations = 1859
iterations = 1860
iterations = 1861
iterations = 1862
iterations = 1863
iterations = 1864
iterations = 1865
iterations = 1866
iterations = 1867
iterations = 1868
iterations = 1869
iterations = 1870
iterations = 1871
iterations = 1872
iterations = 1873
iterations = 1874
iterations = 1875
iterations = 1876
iterations = 1877
iterations = 1878
iterations = 1879
iterations = 1880
iterations = 1881
iterations = 1882
iterations = 1883
iterations = 1884
iterations = 1885
iterations = 1886
iterations = 1887
iterations = 1888
iterations = 1889
iterations = 1890
iterations = 1891
iterations = 1892
iterations = 1893
iterations = 1894
iterations = 1895
iterations = 1896
iterations = 1897
iterations = 1898
iterations = 1899
iterations = 1900
iterations = 1901
iterations = 1902
iterations = 1903
iterations = 1904
iterations = 1905
iterations = 1906
iterations = 1907
iterations = 1908
iterations = 1909
iterations = 1910
iterations = 1911
iterations = 1912
iterations = 1913
iterations = 1914
iterations = 1915
iterations = 1916
iterations = 1917
iterations = 1918
iterations = 1919
iterations = 1920
iterations = 1921
iterations = 1922
iterations = 1923
iterations = 1924
iterations = 1925
iterations = 1926
iterations = 1927
iterations = 1928
iterations = 1929
iterations = 1930
iterations = 1931
iterations = 1932
iterations = 1933
iterations = 1934
iterations = 1935
iterations = 1936
iterations = 1937
iterations = 1938
iterations = 1939
iterations = 1940
iterations = 1941
iterations = 1942
iterations = 1943
iterations = 1944
iterations = 1945
iterations = 1946
iterations = 1947
iterations = 1948
iterations = 1949
iterations = 1950
iterations = 1951
iterations = 1952
iterations = 1953
iterations = 1954
iterations = 1955
iterations = 1956
iterations = 1957
iterations = 1958
iterations = 1959
iterations = 1960
iterations = 1961
iterations = 1962
iterations = 1963
iterations = 1964
iterations = 1965
iterations = 1966
iterations = 1967
iterations = 1968
iterations = 1969
iterations = 1970
iterations = 1971
iterations = 1972
iterations = 1973
iterations = 1974
iterations = 1975
iterations = 1976
iterations = 1977
iterations = 1978
iterations = 1979
iterations = 1980
iterations = 1981
iterations = 1982
iterations = 1983
iterations = 1984
iterations = 1985
iterations = 1986
iterations = 1987
iterations = 1988
iterations = 1989
iterations = 1990
iterations = 1991
iterations = 1992
iterations = 1993
iterations = 1994
iterations = 1995
iterations = 1996
iterations = 1997
iterations = 1998
iterations = 1999
iterations = 2000
iterations = 2001
iterations = 2002
iterations = 2003
iterations = 2004
iterations = 2005
iterations = 2006
iterations = 2007
iterations = 2008
iterations = 2009
iterations = 2010
iterations = 2011
iterations = 2012
iterations = 2013
iterations = 2014
iterations = 2015
iterations = 2016
iterations = 2017
iterations = 2018
iterations = 2019
iterations = 2020
iterations = 2021
iterations = 2022
iterations = 2023
iterations = 2024
iterations = 2025
iterations = 2026
iterations = 2027
iterations = 2028
iterations = 2029
iterations = 2030
iterations = 2031
iterations = 2032
iterations = 2033
iterations = 2034
iterations = 2035
iterations = 2036
iterations = 2037
iterations = 2038
iterations = 2039
iterations = 2040
iterations = 2041
iterations = 2042
iterations = 2043
iterations = 2044
iterations = 2045
iterations = 2046
iterations = 2047
iterations = 2048
iterations = 2049
iterations = 2050
iterations = 2051
iterations = 2052
iterations = 2053
iterations = 2054
iterations = 2055
iterations = 2056
iterations = 2057
iterations = 2058
iterations = 2059
iterations = 2060
iterations = 2061
iterations = 2062
iterations = 2063
iterations = 2064
iterations = 2065
iterations = 2066
iterations = 2067
iterations = 2068
iterations = 2069
iterations = 2070
iterations = 2071
iterations = 2072
iterations = 2073
iterations = 2074
iterations = 2075
iterations = 2076
iterations = 2077
iterations = 2078
iterations = 2079
iterations = 2080
iterations = 2081
iterations = 2082
iterations = 2083
iterations = 2084
iterations = 2085
iterations = 2086
iterations = 2087
iterations = 2088
iterations = 2089
iterations = 2090
iterations = 2091
iterations = 2092
iterations = 2093
iterations = 2094
iterations = 2095
iterations = 2096
iterations = 2097
iterations = 2098
iterations = 2099
iterations = 2100
iterations = 2101
iterations = 2102
iterations = 2103
iterations = 2104
iterations = 2105
iterations = 2106
iterations = 2107
iterations = 2108
iterations = 2109
iterations = 2110
iterations = 2111
iterations = 2112
iterations = 2113
iterations = 2114
iterations = 2115
iterations = 2116
iterations = 2117
iterations = 2118
iterations = 2119
iterations = 2120
iterations = 2121
iterations = 2122
iterations = 2123
iterations = 2124
iterations = 2125
iterations = 2126
iterations = 2127
iterations = 2128
iterations = 2129
iterations = 2130
iterations = 2131
iterations = 2132
iterations = 2133
iterations = 2134
iterations = 2135
iterations = 2136
iterations = 2137
iterations = 2138
iterations = 2139
iterations = 2140
iterations = 2141
iterations = 2142
iterations = 2143
iterations = 2144
iterations = 2145
iterations = 2146
iterations = 2147
iterations = 2148
iterations = 2149
iterations = 2150
iterations = 2151
iterations = 2152
iterations = 2153
iterations = 2154
iterations = 2155
iterations = 2156
iterations = 2157
iterations = 2158
iterations = 2159
iterations = 2160
iterations = 2161
iterations = 2162
iterations = 2163
iterations = 2164
iterations = 2165
iterations = 2166
iterations = 2167
iterations = 2168
iterations = 2169
iterations = 2170
iterations = 2171
iterations = 2172
iterations = 2173
iterations = 2174
iterations = 2175
iterations = 2176
iterations = 2177
iterations = 2178
iterations = 2179
iterations = 2180
iterations = 2181
iterations = 2182
iterations = 2183
iterations = 2184
iterations = 2185
iterations = 2186
iterations = 2187
iterations = 2188
iterations = 2189
iterations = 2190
iterations = 2191
iterations = 2192
iterations = 2193
iterations = 2194
iterations = 2195
iterations = 2196
iterations = 2197
iterations = 2198
iterations = 2199
iterations = 2200
iterations = 2201
iterations = 2202
iterations = 2203
iterations = 2204
iterations = 2205
iterations = 2206
iterations = 2207
iterations = 2208
iterations = 2209
iterations = 2210
iterations = 2211
iterations = 2212
iterations = 2213
iterations = 2214
iterations = 2215
iterations = 2216
iterations = 2217
iterations = 2218
iterations = 2219
iterations = 2220
iterations = 2221
iterations = 2222
iterations = 2223
iterations = 2224
iterations = 2225
iterations = 2226
iterations = 2227
iterations = 2228
iterations = 2229
iterations = 2230
iterations = 2231
iterations = 2232
iterations = 2233
iterations = 2234
iterations = 2235
iterations = 2236
iterations = 2237
iterations = 2238
iterations = 2239
iterations = 2240
iterations = 2241
iterations = 2242
iterations = 2243
iterations = 2244
iterations = 2245
iterations = 2246
iterations = 2247
iterations = 2248
iterations = 2249
iterations = 2250
iterations = 2251
iterations = 2252
iterations = 2253
iterations = 2254
iterations = 2255
iterations = 2256
iterations = 2257
iterations = 2258
iterations = 2259
iterations = 2260
iterations = 2261
iterations = 2262
iterations = 2263
iterations = 2264
iterations = 2265
iterations = 2266
iterations = 2267
iterations = 2268
iterations = 2269
iterations = 2270
iterations = 2271
iterations = 2272
iterations = 2273
iterations = 2274
iterations = 2275
iterations = 2276
iterations = 2277
iterations = 2278
iterations = 2279
iterations = 2280
iterations = 2281
iterations = 2282
iterations = 2283
iterations = 2284
iterations = 2285
iterations = 2286
iterations = 2287
iterations = 2288
iterations = 2289
iterations = 2290
iterations = 2291
iterations = 2292
iterations = 2293
iterations = 2294
iterations = 2295
iterations = 2296
iterations = 2297
iterations = 2298
iterations = 2299
iterations = 2300
iterations = 2301
iterations = 2302
iterations = 2303
iterations = 2304
iterations = 2305
iterations = 2306
iterations = 2307
iterations = 2308
iterations = 2309
iterations = 2310
iterations = 2311
iterations = 2312
iterations = 2313
iterations = 2314
iterations = 2315
iterations = 2316
iterations = 2317
iterations = 2318
iterations = 2319
iterations = 2320
iterations = 2321
iterations = 2322
iterations = 2323
iterations = 2324
iterations = 2325
iterations = 2326
iterations = 2327
iterations = 2328
iterations = 2329
iterations = 2330
iterations = 2331
iterations = 2332
iterations = 2333
iterations = 2334
iterations = 2335
iterations = 2336
iterations = 2337
iterations = 2338
iterations = 2339
iterations = 2340
iterations = 2341
iterations = 2342
iterations = 2343
iterations = 2344
iterations = 2345
iterations = 2346
iterations = 2347
iterations = 2348
iterations = 2349
iterations = 2350
iterations = 2351
iterations = 2352
iterations = 2353
iterations = 2354
iterations = 2355
iterations = 2356
iterations = 2357
iterations = 2358
iterations = 2359
iterations = 2360
iterations = 2361
iterations = 2362
iterations = 2363
iterations = 2364
iterations = 2365
iterations = 2366
iterations = 2367
iterations = 2368
iterations = 2369
iterations = 2370
iterations = 2371
iterations = 2372
iterations = 2373
iterations = 2374
iterations = 2375
iterations = 2376
iterations = 2377
iterations = 2378
iterations = 2379
iterations = 2380
iterations = 2381
iterations = 2382
iterations = 2383
iterations = 2384
iterations = 2385
iterations = 2386
iterations = 2387
iterations = 2388
iterations = 2389
iterations = 2390
iterations = 2391
iterations = 2392
iterations = 2393
iterations = 2394
iterations = 2395
iterations = 2396
iterations = 2397
iterations = 2398
iterations = 2399
iterations = 2400
iterations = 2401
iterations = 2402
iterations = 2403
iterations = 2404
iterations = 2405
iterations = 2406
iterations = 2407
iterations = 2408
iterations = 2409
iterations = 2410
iterations = 2411
iterations = 2412
iterations = 2413
iterations = 2414
iterations = 2415
iterations = 2416
iterations = 2417
iterations = 2418
iterations = 2419
iterations = 2420
iterations = 2421
iterations = 2422
iterations = 2423
iterations = 2424
iterations = 2425
iterations = 2426
iterations = 2427
iterations = 2428
iterations = 2429
iterations = 2430
iterations = 2431
iterations = 2432
iterations = 2433
iterations = 2434
iterations = 2435
iterations = 2436
iterations = 2437
iterations = 2438
iterations = 2439
iterations = 2440
iterations = 2441
iterations = 2442
iterations = 2443
iterations = 2444
iterations = 2445
iterations = 2446
iterations = 2447
iterations = 2448
iterations = 2449
iterations = 2450
iterations = 2451
iterations = 2452
iterations = 2453
iterations = 2454
iterations = 2455
iterations = 2456
iterations = 2457
iterations = 2458
iterations = 2459
iterations = 2460
iterations = 2461
iterations = 2462
iterations = 2463
iterations = 2464
iterations = 2465
iterations = 2466
iterations = 2467
iterations = 2468
iterations = 2469
iterations = 2470
iterations = 2471
iterations = 2472
iterations = 2473
iterations = 2474
iterations = 2475
iterations = 2476
iterations = 2477
iterations = 2478
iterations = 2479
iterations = 2480
iterations = 2481
iterations = 2482
iterations = 2483
iterations = 2484
iterations = 2485
iterations = 2486
iterations = 2487
iterations = 2488
iterations = 2489
iterations = 2490
iterations = 2491
iterations = 2492
iterations = 2493
iterations = 2494
iterations = 2495
iterations = 2496
iterations = 2497
iterations = 2498
iterations = 2499
iterations = 2500
iterations = 2501
iterations = 2502
iterations = 2503
iterations = 2504
iterations = 2505
iterations = 2506
iterations = 2507
iterations = 2508
iterations = 2509
iterations = 2510
iterations = 2511
iterations = 2512
iterations = 2513
iterations = 2514
iterations = 2515
iterations = 2516
iterations = 2517
iterations = 2518
iterations = 2519
iterations = 2520
iterations = 2521
iterations = 2522
iterations = 2523
iterations = 2524
iterations = 2525
iterations = 2526
iterations = 2527
iterations = 2528
iterations = 2529
iterations = 2530
iterations = 2531
iterations = 2532
iterations = 2533
iterations = 2534
iterations = 2535
iterations = 2536
iterations = 2537
iterations = 2538
iterations = 2539
iterations = 2540
iterations = 2541
iterations = 2542
iterations = 2543
iterations = 2544
iterations = 2545
iterations = 2546
iterations = 2547
iterations = 2548
iterations = 2549
iterations = 2550
iterations = 2551
iterations = 2552
iterations = 2553
iterations = 2554
iterations = 2555
iterations = 2556
iterations = 2557
iterations = 2558
iterations = 2559
iterations = 2560
iterations = 2561
iterations = 2562
iterations = 2563
iterations = 2564
iterations = 2565
iterations = 2566
iterations = 2567
iterations = 2568
iterations = 2569
iterations = 2570
iterations = 2571
iterations = 2572
iterations = 2573
iterations = 2574
iterations = 2575
iterations = 2576
iterations = 2577
iterations = 2578
iterations = 2579
iterations = 2580
iterations = 2581
iterations = 2582
iterations = 2583
iterations = 2584
iterations = 2585
iterations = 2586
iterations = 2587
iterations = 2588
iterations = 2589
iterations = 2590
iterations = 2591
iterations = 2592
iterations = 2593
iterations = 2594
iterations = 2595
iterations = 2596
iterations = 2597
iterations = 2598
iterations = 2599
iterations = 2600
iterations = 2601
iterations = 2602
iterations = 2603
iterations = 2604
iterations = 2605
iterations = 2606
iterations = 2607
iterations = 2608
iterations = 2609
iterations = 2610
iterations = 2611
iterations = 2612
iterations = 2613
iterations = 2614
iterations = 2615
iterations = 2616
iterations = 2617
iterations = 2618
iterations = 2619
iterations = 2620
iterations = 2621
iterations = 2622
iterations = 2623
iterations = 2624
iterations = 2625
iterations = 2626
iterations = 2627
