
RAxML-NG v. 1.1.0 released on 29.11.2021 by The Exelixis Lab.
Developed by: Alexey M. Kozlov and Alexandros Stamatakis.
Contributors: Diego Darriba, Tomas Flouri, Benoit Morel, Sarah Lutteropp, Ben Bettisworth.
Latest version: https://github.com/amkozlov/raxml-ng
Questions/problems/suggestions? Please visit: https://groups.google.com/forum/#!forum/raxml

System: 11th Gen Intel(R) Core(TM) i7-1165G7 @ 2.80GHz, 4 cores, 15 GB RAM

RAxML-NG was called at 04-Jul-2023 19:08:17 as follows:

raxml-ng --msa ../aln_seq/muscle5/cytb_aln_muscle5.fasta --model HKY+G5 --prefix cytb --threads 2 --seed 12345 --tree pars{25},rand{25}

Analysis options:
  run mode: ML tree search
  start tree(s): random (25) + parsimony (25)
  random seed: 12345
  tip-inner: OFF
  pattern compression: ON
  per-rate scalers: OFF
  site repeats: ON
  fast spr radius: AUTO
  spr subtree cutoff: 1.000000
  branch lengths: proportional (ML estimate, algorithm: NR-FAST)
  SIMD kernels: AVX2
  parallelization: coarse-grained (auto), PTHREADS (2 threads), thread pinning: OFF

[00:00:00] Reading alignment from file: ../aln_seq/muscle5/cytb_aln_muscle5.fasta
[00:00:00] Loaded alignment with 8 taxa and 1140 sites

Alignment comprises 1 partitions and 161 patterns

Partition 0: noname
Model: HKY+FO+G5m
Alignment sites / patterns: 1140 / 161
Gaps: 0.00 %
Invariant sites: 67.81 %


NOTE: Binary MSA file created: cytb.raxml.rba

Parallelization scheme autoconfig: 2 worker(s) x 1 thread(s)

Parallel reduction/worker buffer size: 1 KB  / 0 KB

[00:00:00] Generating 25 random starting tree(s) with 8 taxa
[00:00:00] Generating 25 parsimony starting tree(s) with 8 taxa
[00:00:00] Data distribution: max. partitions/sites/weight per thread: 1 / 161 / 3220
[00:00:00] Data distribution: max. searches per worker: 25

Starting ML tree search with 50 distinct starting trees

[00:00:00] [worker #0] ML tree search #1, logLikelihood: -3793.311441
[00:00:00] [worker #1] ML tree search #2, logLikelihood: -3793.347415
[00:00:00] [worker #1] ML tree search #4, logLikelihood: -3793.318424
[00:00:00] [worker #0] ML tree search #3, logLikelihood: -3793.318105
[00:00:01] [worker #1] ML tree search #6, logLikelihood: -3793.313124
[00:00:01] [worker #0] ML tree search #5, logLikelihood: -3793.338073
[00:00:01] [worker #1] ML tree search #8, logLikelihood: -3793.322915
[00:00:01] [worker #1] ML tree search #10, logLikelihood: -3793.318484
[00:00:01] [worker #0] ML tree search #7, logLikelihood: -3793.347567
[00:00:02] [worker #1] ML tree search #12, logLikelihood: -3793.309545
[00:00:02] [worker #0] ML tree search #9, logLikelihood: -3793.351316
[00:00:02] [worker #1] ML tree search #14, logLikelihood: -3793.338873
[00:00:02] [worker #1] ML tree search #16, logLikelihood: -3793.327796
[00:00:02] [worker #0] ML tree search #11, logLikelihood: -3793.309903
[00:00:03] [worker #1] ML tree search #18, logLikelihood: -3793.321231
[00:00:03] [worker #0] ML tree search #13, logLikelihood: -3793.324477
[00:00:03] [worker #1] ML tree search #20, logLikelihood: -3793.336118
[00:00:03] [worker #0] ML tree search #15, logLikelihood: -3793.314598
[00:00:03] [worker #1] ML tree search #22, logLikelihood: -3793.347456
[00:00:04] [worker #1] ML tree search #24, logLikelihood: -3793.306576
[00:00:04] [worker #0] ML tree search #17, logLikelihood: -3793.327165
[00:00:04] [worker #1] ML tree search #26, logLikelihood: -3793.321335
[00:00:04] [worker #1] ML tree search #28, logLikelihood: -3793.326390
[00:00:04] [worker #0] ML tree search #19, logLikelihood: -3793.332006
[00:00:05] [worker #1] ML tree search #30, logLikelihood: -3793.323042
[00:00:05] [worker #0] ML tree search #21, logLikelihood: -3793.335361
[00:00:05] [worker #1] ML tree search #32, logLikelihood: -3793.319954
[00:00:05] [worker #0] ML tree search #23, logLikelihood: -3793.341927
[00:00:05] [worker #1] ML tree search #34, logLikelihood: -3793.326175
[00:00:06] [worker #1] ML tree search #36, logLikelihood: -3793.326931
[00:00:06] [worker #0] ML tree search #25, logLikelihood: -3793.324477
[00:00:06] [worker #1] ML tree search #38, logLikelihood: -3793.327444
[00:00:06] [worker #0] ML tree search #27, logLikelihood: -3793.323312
[00:00:06] [worker #1] ML tree search #40, logLikelihood: -3793.323201
[00:00:07] [worker #0] ML tree search #29, logLikelihood: -3793.324620
[00:00:07] [worker #1] ML tree search #42, logLikelihood: -3793.321366
[00:00:07] [worker #1] ML tree search #44, logLikelihood: -3793.326945
[00:00:07] [worker #0] ML tree search #31, logLikelihood: -3793.324685
[00:00:07] [worker #1] ML tree search #46, logLikelihood: -3793.324366
[00:00:08] [worker #0] ML tree search #33, logLikelihood: -3793.323179
[00:00:08] [worker #1] ML tree search #48, logLikelihood: -3793.321716
[00:00:08] [worker #0] ML tree search #35, logLikelihood: -3793.326129
[00:00:08] [worker #1] ML tree search #50, logLikelihood: -3793.326811
[00:00:08] [worker #0] ML tree search #37, logLikelihood: -3793.321709
[00:00:09] [worker #0] ML tree search #39, logLikelihood: -3793.321773
[00:00:09] [worker #0] ML tree search #41, logLikelihood: -3793.326982
[00:00:09] [worker #0] ML tree search #43, logLikelihood: -3793.317296
[00:00:10] [worker #0] ML tree search #45, logLikelihood: -3793.326856
[00:00:10] [worker #0] ML tree search #47, logLikelihood: -3793.322639
[00:00:11] [worker #0] ML tree search #49, logLikelihood: -3793.321599

Optimized model parameters:

   Partition 0: noname
   Rate heterogeneity: GAMMA (5 cats, mean),  alpha: 0.220162 (ML),  weights&rates: (0.200000,0.000363) (0.200000,0.016610) (0.200000,0.147763) (0.200000,0.726421) (0.200000,4.108844) 
   Base frequencies (ML): 0.299719 0.298072 0.134931 0.267279 
   Substitution rates (ML): 1.000000 48.956097 1.000000 1.000000 48.956097 1.000000 


Final LogLikelihood: -3793.306576

AIC score: 7622.613153 / AICc score: 7623.223322 / BIC score: 7713.311256
Free parameters (model + branch lengths): 18

WARNING: Best ML tree contains 1 near-zero branches!

Best ML tree with collapsed near-zero branches saved to: /mnt/c/Users/sandr/Sync/01_Workshops/PPG_BCN/ClockDating/raw_data/tree/cytb.raxml.bestTreeCollapsed
Best ML tree saved to: /mnt/c/Users/sandr/Sync/01_Workshops/PPG_BCN/ClockDating/raw_data/tree/cytb.raxml.bestTree
All ML trees saved to: /mnt/c/Users/sandr/Sync/01_Workshops/PPG_BCN/ClockDating/raw_data/tree/cytb.raxml.mlTrees
Optimized model saved to: /mnt/c/Users/sandr/Sync/01_Workshops/PPG_BCN/ClockDating/raw_data/tree/cytb.raxml.bestModel

Execution log saved to: /mnt/c/Users/sandr/Sync/01_Workshops/PPG_BCN/ClockDating/raw_data/tree/cytb.raxml.log

Analysis started: 04-Jul-2023 19:08:17 / finished: 04-Jul-2023 19:08:28

Elapsed time: 11.140 seconds

